2023.05.10 12:59:51 INFO  Started: Metals version 0.11.12 in workspace 'C:\Users\vivie\OneDrive\Documents\Code\CookBook' for client Visual Studio Code 1.77.3.
May 10, 2023 12:59:51 P.M. org.flywaydb.core.internal.license.VersionPrinter printVersionOnly
INFO: Flyway Community Edition 9.16.3 by Redgate
May 10, 2023 12:59:51 P.M. org.flywaydb.core.internal.license.VersionPrinter printVersion
INFO: See release notes here: https://rd.gt/416ObMi
May 10, 2023 12:59:51 P.M. org.flywaydb.core.internal.license.VersionPrinter printVersion
INFO: 
May 10, 2023 12:59:51 P.M. org.flywaydb.core.internal.database.base.BaseDatabaseType createDatabase
INFO: Database: jdbc:h2:file:C:\Users\vivie\OneDrive\Documents\Code\CookBook\.metals\metals (H2 2.1)
May 10, 2023 12:59:51 P.M. org.flywaydb.core.internal.schemahistory.JdbcTableSchemaHistory allAppliedMigrations
INFO: Schema history table "PUBLIC"."flyway_schema_history" does not exist yet
May 10, 2023 12:59:51 P.M. org.flywaydb.core.internal.command.DbValidate validate
INFO: Successfully validated 4 migrations (execution time 00:00.026s)
May 10, 2023 12:59:51 P.M. org.flywaydb.core.internal.schemahistory.JdbcTableSchemaHistory create
INFO: Creating Schema History table "PUBLIC"."flyway_schema_history" ...
May 10, 2023 12:59:51 P.M. org.flywaydb.core.internal.command.DbMigrate migrateGroup
INFO: Current version of schema "PUBLIC": << Empty Schema >>
May 10, 2023 12:59:51 P.M. org.flywaydb.core.internal.command.DbMigrate doMigrateGroup
INFO: Migrating schema "PUBLIC" to version "1 - Create tables"
May 10, 2023 12:59:51 P.M. org.flywaydb.core.internal.command.DbMigrate doMigrateGroup
INFO: Migrating schema "PUBLIC" to version "2 - Server discovery"
May 10, 2023 12:59:51 P.M. org.flywaydb.core.internal.command.DbMigrate doMigrateGroup
INFO: Migrating schema "PUBLIC" to version "3 - Jar symbols"
May 10, 2023 12:59:52 P.M. org.flywaydb.core.internal.command.DbMigrate doMigrateGroup
INFO: Migrating schema "PUBLIC" to version "4 - Fingerprints"
May 10, 2023 12:59:52 P.M. org.flywaydb.core.internal.command.DbMigrate logSummary
INFO: Successfully applied 4 migrations to schema "PUBLIC", now at version v4 (execution time 00:00.111s)
2023.05.10 12:59:52 INFO  time: initialize in 1.02s
May 10, 2023 12:59:54 P.M. org.eclipse.lsp4j.jsonrpc.services.GenericEndpoint notify
INFO: Unsupported notification method: $/setTrace
2023.05.10 12:59:54 WARN  Build server is not auto-connectable.
2023.05.10 12:59:54 WARN  no build tool detected in workspace 'C:\Users\vivie\OneDrive\Documents\Code\CookBook'. The most common cause for this problem is that the editor was opened in the wrong working directory, for example if you use sbt then the workspace directory should contain build.sbt. 
May 10, 2023 1:03:27 P.M. org.eclipse.lsp4j.jsonrpc.services.GenericEndpoint notify
INFO: Unsupported notification method: $/setTrace
2023.05.10 13:18:23 INFO  Shutting down server
2023.05.10 13:18:23 INFO  shutting down Metals
2023.05.10 13:18:23 INFO  Exiting server
